<?xml version="1.0" encoding="UTF-8"?>
<!-- Generated by org.testng.reporters.JUnitReportReporter -->
<testsuite hostname="st-Precision-3530" failures="0" tests="1" name="com.tcWebsite.Tc_Website" time="51.544" errors="0" timestamp="2023-08-28T17:17:32 IST" skipped="0">
  <testcase classname="com.tcWebsite.Tc_Website" name="website" time="51.544"/>
</testsuite> <!-- com.tcWebsite.Tc_Website -->
