<?xml version="1.0" encoding="UTF-8"?>
<!-- Generated by org.testng.reporters.JUnitReportReporter -->
<testsuite skipped="0" hostname="DESKTOP-NDA2S42" name="com.amazon_Ecommerce_Web_Application.Amazon_Web_Application" tests="2" failures="0" timestamp="2023-08-03T15:52:50 IST" time="232.256" errors="0">
  <testcase name="brokenLinks" time="170.981" classname="com.amazon_Ecommerce_Web_Application.Amazon_Web_Application"/>
  <system-out/>
  <testcase name="task" time="61.275" classname="com.amazon_Ecommerce_Web_Application.Amazon_Web_Application"/>
  <system-out/>
</testsuite> <!-- com.amazon_Ecommerce_Web_Application.Amazon_Web_Application -->
